<?xml version="1.0" encoding="UTF-8"?>
<!-- Generated by org.testng.reporters.JUnitXMLReporter -->
<testsuite hostname="DESKTOP-2PVPGVB" ignored="0" name="RegressionTest" tests="4" failures="0" timestamp="08 Mar 2018 07:19:49 GMT" time="242.042" errors="0">
  <testcase name="linktesting1" time="6.182" classname="com.selenium.automation.EcommerceProject.LinksTesting1"/>
  <testcase name="radioButton" time="0.15" classname="com.selenium.automation.EcommerceProject.RadioButton1"/>
  <testcase name="verifyGmailLink" time="50.212" classname="com.selenium.automation.EcommerceProject.GmailLinkClicking"/>
  <testcase name="checkboxTest" time="0.145" classname="com.selenium.automation.EcommerceProject.CheckBox1"/>
</testsuite> <!-- RegressionTest -->
